<?xml version="1.0" encoding="UTF-8"?>
<testng-results skipped="0" failed="0" ignored="0" total="1" passed="1">
  <reporter-output>
  </reporter-output>
  <suite name="Default suite" duration-ms="78060" started-at="2022-12-25T19:27:43Z" finished-at="2022-12-25T19:29:01Z">
    <groups>
    </groups>
    <test name="Default test" duration-ms="78060" started-at="2022-12-25T19:27:43Z" finished-at="2022-12-25T19:29:01Z">
      <class name="com.Test.UpdateNameFunctionTest">
        <test-method status="PASS" signature="openBrowser()[pri:0, instance:com.Test.UpdateNameFunctionTest@68c4039c]" name="openBrowser" is-config="true" duration-ms="48554" started-at="2022-12-26T00:57:43Z" finished-at="2022-12-26T00:58:31Z">
          <reporter-output>
          </reporter-output>
        </test-method> <!-- openBrowser -->
        <test-method status="PASS" signature="verifyUpdateNameFunctinality()[pri:1, instance:com.Test.UpdateNameFunctionTest@68c4039c]" name="verifyUpdateNameFunctinality" duration-ms="27526" started-at="2022-12-26T00:58:32Z" finished-at="2022-12-26T00:58:59Z">
          <reporter-output>
          </reporter-output>
        </test-method> <!-- verifyUpdateNameFunctinality -->
        <test-method status="PASS" signature="closeBrowser()[pri:0, instance:com.Test.UpdateNameFunctionTest@68c4039c]" name="closeBrowser" is-config="true" duration-ms="1663" started-at="2022-12-26T00:58:59Z" finished-at="2022-12-26T00:59:01Z">
          <reporter-output>
          </reporter-output>
        </test-method> <!-- closeBrowser -->
      </class> <!-- com.Test.UpdateNameFunctionTest -->
    </test> <!-- Default test -->
  </suite> <!-- Default suite -->
</testng-results>
